<?xml version="1.0" encoding="UTF-8"?>
<!-- Generated by org.testng.reporters.JUnitReportReporter -->
<testsuite skipped="0" hostname="DESKTOP-92MKA7N" name="com.qa.Test.RestTest" tests="1" failures="0" timestamp="28 Mar 2021 12:32:08 GMT" time="1.745" errors="0">
  <testcase name="getAPITest" time="1.745" classname="com.qa.Test.RestTest"/>
</testsuite> <!-- com.qa.Test.RestTest -->
